========================================
Timestamp: 2026-06-02 09:13:59
To: uginaravinthan@gmail.com
Subject: Welcome to Tripzy Sri Lanka!
Body:
<h2>Hello Ugin,</h2><p>Thank you for registering on Tripzy - Smart Tourism Management and Booking System for Sri Lanka.</p><p>Your account is currently <strong>pending verification/approval</strong>. We will notify you via email as soon as an administrator approves your account.</p><p>Warm Regards,<br>The Tripzy Team</p>
========================================

========================================
Timestamp: 2026-06-02 09:16:42
To: uginaravinthan@gmail.com
Subject: Tripzy Account Approval Updates
Body:
<h2>Hello Ugin,</h2><p>Your Tripzy user profile has been updated to: <strong>ACTIVE</strong>.</p><p>You are now authorized to log in and start providing or managing services.</p><p>Best Regards,<br>The Tripzy Team</p>
========================================

========================================
Timestamp: 2026-06-02 09:24:26
To: test_tourist@example.com
Subject: Welcome to Tripzy Sri Lanka!
Body:
<h2>Hello Test Tourist,</h2><p>Thank you for registering on Tripzy - Smart Tourism Management and Booking System for Sri Lanka.</p><p>Your account is now active! You can log in and start using our platform.</p><p>Warm Regards,<br>The Tripzy Team</p>
========================================

========================================
Timestamp: 2026-06-02 10:20:58
To: new_tourist123@example.com
Subject: Welcome to Tripzy Sri Lanka!
Body:
<h2>Hello Ama Silva,</h2><p>Thank you for registering on Tripzy - Smart Tourism Management and Booking System for Sri Lanka.</p><p>Your account is now active! You can log in and start using our platform.</p><p>Warm Regards,<br>The Tripzy Team</p>
========================================

========================================
Timestamp: 2026-06-03 05:45:17
To: rubanthanu66@gmail.com
Subject: Welcome to Tripzy Sri Lanka!
Body:
<h2>Hello Thanaruban Thanugaran,</h2><p>Thank you for registering on Tripzy - Smart Tourism Management and Booking System for Sri Lanka.</p><p>Your account is currently <strong>pending verification/approval</strong>. We will notify you via email as soon as an administrator approves your account.</p><p>Warm Regards,<br>The Tripzy Team</p>
========================================

========================================
Timestamp: 2026-06-03 05:47:23
To: rubanthanu66@gmail.com
Subject: Tripzy Account Approval Updates
Body:
<h2>Hello Thanaruban Thanugaran,</h2><p>Your Tripzy user profile has been updated to: <strong>ACTIVE</strong>.</p><p>You are now authorized to log in and start providing or managing services.</p><p>Best Regards,<br>The Tripzy Team</p>
========================================

========================================
Timestamp: 2026-06-03 05:47:47
To: rubanthanu66@gmail.com
Subject: Tripzy Account Approval Updates
Body:
<h2>Hello Thanaruban Thanugaran,</h2><p>Your Tripzy user profile has been updated to: <strong>ACTIVE</strong>.</p><p>You are now authorized to log in and start providing or managing services.</p><p>Best Regards,<br>The Tripzy Team</p>
========================================

========================================
Timestamp: 2026-06-03 05:47:56
To: rubanthanu66@gmail.com
Subject: Tripzy Account Approval Updates
Body:
<h2>Hello Thanaruban Thanugaran,</h2><p>Your Tripzy user profile has been updated to: <strong>ACTIVE</strong>.</p><p>You are now authorized to log in and start providing or managing services.</p><p>Best Regards,<br>The Tripzy Team</p>
========================================

========================================
Timestamp: 2026-06-03 05:48:03
To: rubanthanu66@gmail.com
Subject: Tripzy Account Approval Updates
Body:
<h2>Hello Thanaruban Thanugaran,</h2><p>Your Tripzy user profile has been updated to: <strong>ACTIVE</strong>.</p><p>You are now authorized to log in and start providing or managing services.</p><p>Best Regards,<br>The Tripzy Team</p>
========================================

========================================
Timestamp: 2026-06-03 05:48:15
To: rubanthanu66@gmail.com
Subject: Tripzy Account Approval Updates
Body:
<h2>Hello Thanaruban Thanugaran,</h2><p>Your Tripzy user profile has been updated to: <strong>ACTIVE</strong>.</p><p>You are now authorized to log in and start providing or managing services.</p><p>Best Regards,<br>The Tripzy Team</p>
========================================

========================================
Timestamp: 2026-06-03 05:48:31
To: rubanthanu66@gmail.com
Subject: Tripzy Account Approval Updates
Body:
<h2>Hello Thanaruban Thanugaran,</h2><p>Your Tripzy user profile has been updated to: <strong>ACTIVE</strong>.</p><p>You are now authorized to log in and start providing or managing services.</p><p>Best Regards,<br>The Tripzy Team</p>
========================================

========================================
Timestamp: 2026-06-03 05:48:47
To: rubanthanu66@gmail.com
Subject: Tripzy Account Approval Updates
Body:
<h2>Hello Thanaruban Thanugaran,</h2><p>Your Tripzy user profile has been updated to: <strong>ACTIVE</strong>.</p><p>You are now authorized to log in and start providing or managing services.</p><p>Best Regards,<br>The Tripzy Team</p>
========================================

========================================
Timestamp: 2026-06-03 05:49:00
To: rubanthanu66@gmail.com
Subject: Tripzy Account Approval Updates
Body:
<h2>Hello Thanaruban Thanugaran,</h2><p>Your Tripzy user profile has been updated to: <strong>ACTIVE</strong>.</p><p>You are now authorized to log in and start providing or managing services.</p><p>Best Regards,<br>The Tripzy Team</p>
========================================

========================================
Timestamp: 2026-06-03 05:49:09
To: rubanthanu66@gmail.com
Subject: Tripzy Account Approval Updates
Body:
<h2>Hello Thanaruban Thanugaran,</h2><p>Your Tripzy user profile has been updated to: <strong>ACTIVE</strong>.</p><p>You are now authorized to log in and start providing or managing services.</p><p>Best Regards,<br>The Tripzy Team</p>
========================================

========================================
Timestamp: 2026-06-03 05:49:17
To: rubanthanu66@gmail.com
Subject: Tripzy Account Approval Updates
Body:
<h2>Hello Thanaruban Thanugaran,</h2><p>Your Tripzy user profile has been updated to: <strong>ACTIVE</strong>.</p><p>You are now authorized to log in and start providing or managing services.</p><p>Best Regards,<br>The Tripzy Team</p>
========================================

========================================
Timestamp: 2026-06-03 06:08:31
To: rubanthanu66@gmail.com
Subject: Welcome to Tripzy Sri Lanka!
Body:
<h2>Hello Thanaruban Thanugaran,</h2><p>Thank you for registering on Tripzy - Smart Tourism Management and Booking System for Sri Lanka.</p><p>Your account is currently <strong>pending verification/approval</strong>. We will notify you via email as soon as an administrator approves your account.</p><p>Warm Regards,<br>The Tripzy Team</p>
========================================

========================================
Timestamp: 2026-06-03 06:10:23
To: rubanthanu66@gmail.com
Subject: Tripzy Account Approval Updates
Body:
<h2>Hello Thanaruban Thanugaran,</h2><p>Your Tripzy user profile has been updated to: <strong>ACTIVE</strong>.</p><p>You are now authorized to log in and start providing or managing services.</p><p>Best Regards,<br>The Tripzy Team</p>
========================================

========================================
Timestamp: 2026-06-03 06:11:24
To: rubanthanu66@gmail.com
Subject: Tripzy Account Approval Updates
Body:
<h2>Hello Thanaruban Thanugaran,</h2><p>Your Tripzy user profile has been updated to: <strong>ACTIVE</strong>.</p><p>You are now authorized to log in and start providing or managing services.</p><p>Best Regards,<br>The Tripzy Team</p>
========================================

========================================
Timestamp: 2026-06-03 06:12:17
To: rubanthanu66@gmail.com
Subject: Tripzy Account Approval Updates
Body:
<h2>Hello Thanaruban Thanugaran,</h2><p>Your Tripzy user profile has been updated to: <strong>ACTIVE</strong>.</p><p>You are now authorized to log in and start providing or managing services.</p><p>Best Regards,<br>The Tripzy Team</p>
========================================

========================================
Timestamp: 2026-06-03 06:12:33
To: rubanthanu66@gmail.com
Subject: Tripzy Account Approval Updates
Body:
<h2>Hello Thanaruban Thanugaran,</h2><p>Your Tripzy user profile has been updated to: <strong>ACTIVE</strong>.</p><p>You are now authorized to log in and start providing or managing services.</p><p>Best Regards,<br>The Tripzy Team</p>
========================================

========================================
Timestamp: 2026-06-03 06:13:00
To: rubanthanu66@gmail.com
Subject: Tripzy Account Approval Updates
Body:
<h2>Hello Thanaruban Thanugaran,</h2><p>Your Tripzy user profile has been updated to: <strong>ACTIVE</strong>.</p><p>You are now authorized to log in and start providing or managing services.</p><p>Best Regards,<br>The Tripzy Team</p>
========================================

========================================
Timestamp: 2026-06-03 06:14:23
To: rubanthanu66@gmail.com
Subject: Tripzy Account Approval Updates
Body:
<h2>Hello Thanaruban Thanugaran,</h2><p>Your Tripzy user profile has been updated to: <strong>ACTIVE</strong>.</p><p>You are now authorized to log in and start providing or managing services.</p><p>Best Regards,<br>The Tripzy Team</p>
========================================

========================================
Timestamp: 2026-06-03 06:14:44
To: rubanthanu66@gmail.com
Subject: Tripzy Account Approval Updates
Body:
<h2>Hello Thanaruban Thanugaran,</h2><p>Your Tripzy user profile has been updated to: <strong>ACTIVE</strong>.</p><p>You are now authorized to log in and start providing or managing services.</p><p>Best Regards,<br>The Tripzy Team</p>
========================================

========================================
Timestamp: 2026-06-03 06:15:05
To: rubanthanu66@gmail.com
Subject: Tripzy Account Approval Updates
Body:
<h2>Hello Thanaruban Thanugaran,</h2><p>Your Tripzy user profile has been updated to: <strong>ACTIVE</strong>.</p><p>You are now authorized to log in and start providing or managing services.</p><p>Best Regards,<br>The Tripzy Team</p>
========================================

========================================
Timestamp: 2026-06-03 06:15:05
To: rubanthanu66@gmail.com
Subject: Tripzy Account Approval Updates
Body:
<h2>Hello Thanaruban Thanugaran,</h2><p>Your Tripzy user profile has been updated to: <strong>ACTIVE</strong>.</p><p>You are now authorized to log in and start providing or managing services.</p><p>Best Regards,<br>The Tripzy Team</p>
========================================

========================================
Timestamp: 2026-06-03 07:10:50
To: sukimakizh@gmail.com
Subject: Welcome to Tripzy Sri Lanka!
Body:
<h2>Hello Makilini Theivarasa,</h2><p>Thank you for registering on Tripzy - Smart Tourism Management and Booking System for Sri Lanka.</p><p>Your account is currently <strong>pending verification/approval</strong>. We will notify you via email as soon as an administrator approves your account.</p><p>Warm Regards,<br>The Tripzy Team</p>
========================================

========================================
Timestamp: 2026-06-03 07:13:57
To: sukimakizh@gmail.com
Subject: Welcome to Tripzy Sri Lanka!
Body:
<h2>Hello Theivarasa Makilini,</h2><p>Thank you for registering on Tripzy - Smart Tourism Management and Booking System for Sri Lanka.</p><p>Your account is currently <strong>pending verification/approval</strong>. We will notify you via email as soon as an administrator approves your account.</p><p>Warm Regards,<br>The Tripzy Team</p>
========================================

========================================
Timestamp: 2026-06-03 07:33:26
To: sukimakizh@gmail.com
Subject: Tripzy Account Approval Updates
Body:
<h2>Hello Theivarasa Makilini,</h2><p>Your Tripzy user profile has been updated to: <strong>REJECTED</strong>.</p><p>We regret to inform you that your registration request was rejected by our administrator panel.</p><p>Best Regards,<br>The Tripzy Team</p>
========================================

========================================
Timestamp: 2026-06-03 07:33:32
To: sukimakizh@gmail.com
Subject: Tripzy Account Approval Updates
Body:
<h2>Hello Theivarasa Makilini,</h2><p>Your Tripzy user profile has been updated to: <strong>ACTIVE</strong>.</p><p>You are now authorized to log in and start providing or managing services.</p><p>Best Regards,<br>The Tripzy Team</p>
========================================

========================================
Timestamp: 2026-06-03 07:33:38
To: sukimakizh@gmail.com
Subject: Tripzy Account Approval Updates
Body:
<h2>Hello Theivarasa Makilini,</h2><p>Your Tripzy user profile has been updated to: <strong>ACTIVE</strong>.</p><p>You are now authorized to log in and start providing or managing services.</p><p>Best Regards,<br>The Tripzy Team</p>
========================================

========================================
Timestamp: 2026-06-03 07:33:46
To: sukimakizh@gmail.com
Subject: Tripzy Account Approval Updates
Body:
<h2>Hello Theivarasa Makilini,</h2><p>Your Tripzy user profile has been updated to: <strong>ACTIVE</strong>.</p><p>You are now authorized to log in and start providing or managing services.</p><p>Best Regards,<br>The Tripzy Team</p>
========================================

========================================
Timestamp: 2026-06-03 07:33:58
To: sukimakizh@gmail.com
Subject: Tripzy Account Approval Updates
Body:
<h2>Hello Theivarasa Makilini,</h2><p>Your Tripzy user profile has been updated to: <strong>ACTIVE</strong>.</p><p>You are now authorized to log in and start providing or managing services.</p><p>Best Regards,<br>The Tripzy Team</p>
========================================

========================================
Timestamp: 2026-06-03 07:34:03
To: sukimakizh@gmail.com
Subject: Tripzy Account Approval Updates
Body:
<h2>Hello Theivarasa Makilini,</h2><p>Your Tripzy user profile has been updated to: <strong>ACTIVE</strong>.</p><p>You are now authorized to log in and start providing or managing services.</p><p>Best Regards,<br>The Tripzy Team</p>
========================================

========================================
Timestamp: 2026-06-03 07:34:10
To: sukimakizh@gmail.com
Subject: Tripzy Account Approval Updates
Body:
<h2>Hello Theivarasa Makilini,</h2><p>Your Tripzy user profile has been updated to: <strong>ACTIVE</strong>.</p><p>You are now authorized to log in and start providing or managing services.</p><p>Best Regards,<br>The Tripzy Team</p>
========================================

========================================
Timestamp: 2026-06-03 07:36:33
To: sukimakizh@gmail.com
Subject: Welcome to Tripzy Sri Lanka!
Body:
<h2>Hello Theivarasa Makilini,</h2><p>Thank you for registering on Tripzy - Smart Tourism Management and Booking System for Sri Lanka.</p><p>Your account is currently <strong>pending verification/approval</strong>. We will notify you via email as soon as an administrator approves your account.</p><p>Warm Regards,<br>The Tripzy Team</p>
========================================

========================================
Timestamp: 2026-06-03 07:38:01
To: sukimakizh@gmail.com
Subject: Tripzy Account Approval Updates
Body:
<h2>Hello Theivarasa Makilini,</h2><p>Your Tripzy user profile has been updated to: <strong>ACTIVE</strong>.</p><p>You are now authorized to log in and start providing or managing services.</p><p>Best Regards,<br>The Tripzy Team</p>
========================================

========================================
Timestamp: 2026-06-03 07:38:10
To: sukimakizh@gmail.com
Subject: Tripzy Account Approval Updates
Body:
<h2>Hello Theivarasa Makilini,</h2><p>Your Tripzy user profile has been updated to: <strong>ACTIVE</strong>.</p><p>You are now authorized to log in and start providing or managing services.</p><p>Best Regards,<br>The Tripzy Team</p>
========================================

========================================
Timestamp: 2026-06-03 07:38:18
To: sukimakizh@gmail.com
Subject: Tripzy Account Approval Updates
Body:
<h2>Hello Theivarasa Makilini,</h2><p>Your Tripzy user profile has been updated to: <strong>ACTIVE</strong>.</p><p>You are now authorized to log in and start providing or managing services.</p><p>Best Regards,<br>The Tripzy Team</p>
========================================

========================================
Timestamp: 2026-06-03 07:38:24
To: sukimakizh@gmail.com
Subject: Tripzy Account Approval Updates
Body:
<h2>Hello Theivarasa Makilini,</h2><p>Your Tripzy user profile has been updated to: <strong>ACTIVE</strong>.</p><p>You are now authorized to log in and start providing or managing services.</p><p>Best Regards,<br>The Tripzy Team</p>
========================================

========================================
Timestamp: 2026-06-03 07:38:31
To: sukimakizh@gmail.com
Subject: Tripzy Account Approval Updates
Body:
<h2>Hello Theivarasa Makilini,</h2><p>Your Tripzy user profile has been updated to: <strong>ACTIVE</strong>.</p><p>You are now authorized to log in and start providing or managing services.</p><p>Best Regards,<br>The Tripzy Team</p>
========================================

========================================
Timestamp: 2026-06-03 07:38:47
To: sukimakizh@gmail.com
Subject: Tripzy Account Approval Updates
Body:
<h2>Hello Theivarasa Makilini,</h2><p>Your Tripzy user profile has been updated to: <strong>ACTIVE</strong>.</p><p>You are now authorized to log in and start providing or managing services.</p><p>Best Regards,<br>The Tripzy Team</p>
========================================

========================================
Timestamp: 2026-06-03 07:40:45
To: sukimakizh@gmail.com
Subject: Welcome to Tripzy Sri Lanka!
Body:
<h2>Hello Theivarasa Makilini,</h2><p>Thank you for registering on Tripzy - Smart Tourism Management and Booking System for Sri Lanka.</p><p>Your account is currently <strong>pending verification/approval</strong>. We will notify you via email as soon as an administrator approves your account.</p><p>Warm Regards,<br>The Tripzy Team</p>
========================================

========================================
Timestamp: 2026-06-03 07:42:23
To: sukimakizh@gmail.com
Subject: Tripzy Account Approval Updates
Body:
<h2>Hello Theivarasa Makilini,</h2><p>Your Tripzy user profile has been updated to: <strong>ACTIVE</strong>.</p><p>You are now authorized to log in and start providing or managing services.</p><p>Best Regards,<br>The Tripzy Team</p>
========================================

========================================
Timestamp: 2026-06-03 07:43:15
To: sukimakizh@gmail.com
Subject: Tripzy Account Approval Updates
Body:
<h2>Hello Theivarasa Makilini,</h2><p>Your Tripzy user profile has been updated to: <strong>ACTIVE</strong>.</p><p>You are now authorized to log in and start providing or managing services.</p><p>Best Regards,<br>The Tripzy Team</p>
========================================

========================================
Timestamp: 2026-06-03 07:43:23
To: sukimakizh@gmail.com
Subject: Tripzy Account Approval Updates
Body:
<h2>Hello Theivarasa Makilini,</h2><p>Your Tripzy user profile has been updated to: <strong>ACTIVE</strong>.</p><p>You are now authorized to log in and start providing or managing services.</p><p>Best Regards,<br>The Tripzy Team</p>
========================================

========================================
Timestamp: 2026-06-03 07:43:29
To: sukimakizh@gmail.com
Subject: Tripzy Account Approval Updates
Body:
<h2>Hello Theivarasa Makilini,</h2><p>Your Tripzy user profile has been updated to: <strong>ACTIVE</strong>.</p><p>You are now authorized to log in and start providing or managing services.</p><p>Best Regards,<br>The Tripzy Team</p>
========================================

========================================
Timestamp: 2026-06-03 07:43:35
To: sukimakizh@gmail.com
Subject: Tripzy Account Approval Updates
Body:
<h2>Hello Theivarasa Makilini,</h2><p>Your Tripzy user profile has been updated to: <strong>ACTIVE</strong>.</p><p>You are now authorized to log in and start providing or managing services.</p><p>Best Regards,<br>The Tripzy Team</p>
========================================

========================================
Timestamp: 2026-06-03 07:43:45
To: sukimakizh@gmail.com
Subject: Tripzy Account Approval Updates
Body:
<h2>Hello Theivarasa Makilini,</h2><p>Your Tripzy user profile has been updated to: <strong>ACTIVE</strong>.</p><p>You are now authorized to log in and start providing or managing services.</p><p>Best Regards,<br>The Tripzy Team</p>
========================================

========================================
Timestamp: 2026-06-03 07:43:51
To: sukimakizh@gmail.com
Subject: Tripzy Account Approval Updates
Body:
<h2>Hello Theivarasa Makilini,</h2><p>Your Tripzy user profile has been updated to: <strong>ACTIVE</strong>.</p><p>You are now authorized to log in and start providing or managing services.</p><p>Best Regards,<br>The Tripzy Team</p>
========================================

========================================
Timestamp: 2026-06-03 07:44:00
To: sukimakizh@gmail.com
Subject: Tripzy Account Approval Updates
Body:
<h2>Hello Theivarasa Makilini,</h2><p>Your Tripzy user profile has been updated to: <strong>ACTIVE</strong>.</p><p>You are now authorized to log in and start providing or managing services.</p><p>Best Regards,<br>The Tripzy Team</p>
========================================

========================================
Timestamp: 2026-06-03 07:44:09
To: sukimakizh@gmail.com
Subject: Tripzy Account Approval Updates
Body:
<h2>Hello Theivarasa Makilini,</h2><p>Your Tripzy user profile has been updated to: <strong>ACTIVE</strong>.</p><p>You are now authorized to log in and start providing or managing services.</p><p>Best Regards,<br>The Tripzy Team</p>
========================================

========================================
Timestamp: 2026-06-03 07:44:22
To: sukimakizh@gmail.com
Subject: Tripzy Account Approval Updates
Body:
<h2>Hello Theivarasa Makilini,</h2><p>Your Tripzy user profile has been updated to: <strong>ACTIVE</strong>.</p><p>You are now authorized to log in and start providing or managing services.</p><p>Best Regards,<br>The Tripzy Team</p>
========================================

========================================
Timestamp: 2026-06-03 07:44:29
To: sukimakizh@gmail.com
Subject: Tripzy Account Approval Updates
Body:
<h2>Hello Theivarasa Makilini,</h2><p>Your Tripzy user profile has been updated to: <strong>ACTIVE</strong>.</p><p>You are now authorized to log in and start providing or managing services.</p><p>Best Regards,<br>The Tripzy Team</p>
========================================

========================================
Timestamp: 2026-06-03 07:44:35
To: sukimakizh@gmail.com
Subject: Tripzy Account Approval Updates
Body:
<h2>Hello Theivarasa Makilini,</h2><p>Your Tripzy user profile has been updated to: <strong>ACTIVE</strong>.</p><p>You are now authorized to log in and start providing or managing services.</p><p>Best Regards,<br>The Tripzy Team</p>
========================================

========================================
Timestamp: 2026-06-03 07:44:42
To: sukimakizh@gmail.com
Subject: Tripzy Account Approval Updates
Body:
<h2>Hello Theivarasa Makilini,</h2><p>Your Tripzy user profile has been updated to: <strong>ACTIVE</strong>.</p><p>You are now authorized to log in and start providing or managing services.</p><p>Best Regards,<br>The Tripzy Team</p>
========================================

========================================
Timestamp: 2026-06-03 07:44:59
To: sukimakizh@gmail.com
Subject: Tripzy Account Approval Updates
Body:
<h2>Hello Theivarasa Makilini,</h2><p>Your Tripzy user profile has been updated to: <strong>ACTIVE</strong>.</p><p>You are now authorized to log in and start providing or managing services.</p><p>Best Regards,<br>The Tripzy Team</p>
========================================

========================================
Timestamp: 2026-06-03 07:45:08
To: sukimakizh@gmail.com
Subject: Tripzy Account Approval Updates
Body:
<h2>Hello Theivarasa Makilini,</h2><p>Your Tripzy user profile has been updated to: <strong>ACTIVE</strong>.</p><p>You are now authorized to log in and start providing or managing services.</p><p>Best Regards,<br>The Tripzy Team</p>
========================================

========================================
Timestamp: 2026-06-03 07:45:16
To: sukimakizh@gmail.com
Subject: Tripzy Account Approval Updates
Body:
<h2>Hello Theivarasa Makilini,</h2><p>Your Tripzy user profile has been updated to: <strong>ACTIVE</strong>.</p><p>You are now authorized to log in and start providing or managing services.</p><p>Best Regards,<br>The Tripzy Team</p>
========================================

========================================
Timestamp: 2026-06-03 07:45:23
To: sukimakizh@gmail.com
Subject: Tripzy Account Approval Updates
Body:
<h2>Hello Theivarasa Makilini,</h2><p>Your Tripzy user profile has been updated to: <strong>ACTIVE</strong>.</p><p>You are now authorized to log in and start providing or managing services.</p><p>Best Regards,<br>The Tripzy Team</p>
========================================

========================================
Timestamp: 2026-06-03 07:45:31
To: sukimakizh@gmail.com
Subject: Tripzy Account Approval Updates
Body:
<h2>Hello Theivarasa Makilini,</h2><p>Your Tripzy user profile has been updated to: <strong>ACTIVE</strong>.</p><p>You are now authorized to log in and start providing or managing services.</p><p>Best Regards,<br>The Tripzy Team</p>
========================================

========================================
Timestamp: 2026-06-03 07:45:39
To: sukimakizh@gmail.com
Subject: Tripzy Account Approval Updates
Body:
<h2>Hello Theivarasa Makilini,</h2><p>Your Tripzy user profile has been updated to: <strong>ACTIVE</strong>.</p><p>You are now authorized to log in and start providing or managing services.</p><p>Best Regards,<br>The Tripzy Team</p>
========================================

========================================
Timestamp: 2026-06-03 07:45:45
To: sukimakizh@gmail.com
Subject: Tripzy Account Approval Updates
Body:
<h2>Hello Theivarasa Makilini,</h2><p>Your Tripzy user profile has been updated to: <strong>ACTIVE</strong>.</p><p>You are now authorized to log in and start providing or managing services.</p><p>Best Regards,<br>The Tripzy Team</p>
========================================

========================================
Timestamp: 2026-06-03 08:32:32
To: sukimakizh@gmail.com
Subject: Welcome to Tripzy Sri Lanka!
Body:
<h2>Hello Theivarasa Makilini,</h2><p>Thank you for registering on Tripzy - Smart Tourism Management and Booking System for Sri Lanka.</p><p>Your account is currently <strong>pending verification/approval</strong>. We will notify you via email as soon as an administrator approves your account.</p><p>Warm Regards,<br>The Tripzy Team</p>
========================================

========================================
Timestamp: 2026-06-03 08:33:21
To: sukimakizh@gmail.com
Subject: Tripzy Account Approval Updates
Body:
<h2>Hello Theivarasa Makilini,</h2><p>Your Tripzy user profile has been updated to: <strong>ACTIVE</strong>.</p><p>You are now authorized to log in and start providing or managing services.</p><p>Best Regards,<br>The Tripzy Team</p>
========================================

========================================
Timestamp: 2026-06-03 08:33:31
To: sukimakizh@gmail.com
Subject: Tripzy Account Approval Updates
Body:
<h2>Hello Theivarasa Makilini,</h2><p>Your Tripzy user profile has been updated to: <strong>ACTIVE</strong>.</p><p>You are now authorized to log in and start providing or managing services.</p><p>Best Regards,<br>The Tripzy Team</p>
========================================

========================================
Timestamp: 2026-06-03 08:33:37
To: sukimakizh@gmail.com
Subject: Tripzy Account Approval Updates
Body:
<h2>Hello Theivarasa Makilini,</h2><p>Your Tripzy user profile has been updated to: <strong>ACTIVE</strong>.</p><p>You are now authorized to log in and start providing or managing services.</p><p>Best Regards,<br>The Tripzy Team</p>
========================================

========================================
Timestamp: 2026-06-03 08:33:44
To: sukimakizh@gmail.com
Subject: Tripzy Account Approval Updates
Body:
<h2>Hello Theivarasa Makilini,</h2><p>Your Tripzy user profile has been updated to: <strong>ACTIVE</strong>.</p><p>You are now authorized to log in and start providing or managing services.</p><p>Best Regards,<br>The Tripzy Team</p>
========================================

========================================
Timestamp: 2026-06-03 08:33:50
To: sukimakizh@gmail.com
Subject: Tripzy Account Approval Updates
Body:
<h2>Hello Theivarasa Makilini,</h2><p>Your Tripzy user profile has been updated to: <strong>ACTIVE</strong>.</p><p>You are now authorized to log in and start providing or managing services.</p><p>Best Regards,<br>The Tripzy Team</p>
========================================

========================================
Timestamp: 2026-06-03 08:33:57
To: sukimakizh@gmail.com
Subject: Tripzy Account Approval Updates
Body:
<h2>Hello Theivarasa Makilini,</h2><p>Your Tripzy user profile has been updated to: <strong>ACTIVE</strong>.</p><p>You are now authorized to log in and start providing or managing services.</p><p>Best Regards,<br>The Tripzy Team</p>
========================================

========================================
Timestamp: 2026-06-03 08:34:03
To: sukimakizh@gmail.com
Subject: Tripzy Account Approval Updates
Body:
<h2>Hello Theivarasa Makilini,</h2><p>Your Tripzy user profile has been updated to: <strong>ACTIVE</strong>.</p><p>You are now authorized to log in and start providing or managing services.</p><p>Best Regards,<br>The Tripzy Team</p>
========================================

========================================
Timestamp: 2026-06-03 08:34:10
To: sukimakizh@gmail.com
Subject: Tripzy Account Approval Updates
Body:
<h2>Hello Theivarasa Makilini,</h2><p>Your Tripzy user profile has been updated to: <strong>ACTIVE</strong>.</p><p>You are now authorized to log in and start providing or managing services.</p><p>Best Regards,<br>The Tripzy Team</p>
========================================

========================================
Timestamp: 2026-06-03 08:47:33
To: sukimakizh@gmail.com
Subject: Welcome to Tripzy Sri Lanka!
Body:
<h2>Hello Theivarasa Makilini,</h2><p>Thank you for registering on Tripzy - Smart Tourism Management and Booking System for Sri Lanka.</p><p>Your account is currently <strong>pending verification/approval</strong>. We will notify you via email as soon as an administrator approves your account.</p><p>Warm Regards,<br>The Tripzy Team</p>
========================================

========================================
Timestamp: 2026-06-03 08:48:14
To: sukimakizh@gmail.com
Subject: Tripzy Account Approval Updates
Body:
<h2>Hello Theivarasa Makilini,</h2><p>Your Tripzy user profile has been updated to: <strong>ACTIVE</strong>.</p><p>You are now authorized to log in and start providing or managing services.</p><p>Best Regards,<br>The Tripzy Team</p>
========================================

========================================
Timestamp: 2026-06-03 08:53:59
To: smahazinulhathik@gmail.com
Subject: Welcome to Tripzy Sri Lanka!
Body:
<h2>Hello Mahazinul Hhathik,</h2><p>Thank you for registering on Tripzy - Smart Tourism Management and Booking System for Sri Lanka.</p><p>Your account is now active! You can log in and start using our platform.</p><p>Warm Regards,<br>The Tripzy Team</p>
========================================

========================================
Timestamp: 2026-06-03 09:01:03
To: dteugene2003@gmail.com
Subject: Welcome to Tripzy Sri Lanka!
Body:
<h2>Hello Dunston Thayalajeyan Eugene Aravinthan,</h2><p>Thank you for registering on Tripzy - Smart Tourism Management and Booking System for Sri Lanka.</p><p>Your account is currently <strong>pending verification/approval</strong>. We will notify you via email as soon as an administrator approves your account.</p><p>Warm Regards,<br>The Tripzy Team</p>
========================================

========================================
Timestamp: 2026-06-03 09:01:57
To: dteugene2003@gmail.com
Subject: Tripzy Account Approval Updates
Body:
<h2>Hello Dunston Thayalajeyan Eugene Aravinthan,</h2><p>Your Tripzy user profile has been updated to: <strong>ACTIVE</strong>.</p><p>You are now authorized to log in and start providing or managing services.</p><p>Best Regards,<br>The Tripzy Team</p>
========================================

========================================
Timestamp: 2026-06-03 09:02:05
To: dteugene2003@gmail.com
Subject: Tripzy Account Approval Updates
Body:
<h2>Hello Dunston Thayalajeyan Eugene Aravinthan,</h2><p>Your Tripzy user profile has been updated to: <strong>ACTIVE</strong>.</p><p>You are now authorized to log in and start providing or managing services.</p><p>Best Regards,<br>The Tripzy Team</p>
========================================

========================================
Timestamp: 2026-06-03 14:39:03
To: sukimakizh@gmail.com
Subject: Welcome to Tripzy Sri Lanka!
Body:
<h2>Hello Theivarasa Makilini,</h2><p>Thank you for registering on Tripzy - Smart Tourism Management and Booking System for Sri Lanka.</p><p>Your account is currently <strong>pending verification/approval</strong>. We will notify you via email as soon as an administrator approves your account.</p><p>Warm Regards,<br>The Tripzy Team</p>
========================================

========================================
Timestamp: 2026-06-03 14:39:46
To: sukimakizh@gmail.com
Subject: Tripzy Account Approval Updates
Body:
<h2>Hello Theivarasa Makilini,</h2><p>Your Tripzy user profile has been updated to: <strong>ACTIVE</strong>.</p><p>You are now authorized to log in and start providing or managing services.</p><p>Best Regards,<br>The Tripzy Team</p>
========================================

========================================
Timestamp: 2026-06-03 14:46:27
To: provider@rajah.com
Subject: Welcome to Tripzy Sri Lanka!
Body:
<h2>Hello Rajah Hotels Provider,</h2><p>Thank you for registering on Tripzy - Smart Tourism Management and Booking System for Sri Lanka.</p><p>Your account is currently <strong>pending verification/approval</strong>. We will notify you via email as soon as an administrator approves your account.</p><p>Warm Regards,<br>The Tripzy Team</p>
========================================

========================================
Timestamp: 2026-06-03 15:00:04
To: shaarusharujan@gmail.com
Subject: Welcome to Tripzy Sri Lanka!
Body:
<h2>Hello Pirabakaran Sharujan,</h2><p>Thank you for registering on Tripzy - Smart Tourism Management and Booking System for Sri Lanka.</p><p>Your account is currently <strong>pending verification/approval</strong>. We will notify you via email as soon as an administrator approves your account.</p><p>Warm Regards,<br>The Tripzy Team</p>
========================================

========================================
Timestamp: 2026-06-03 15:01:27
To: provider@rajah.com
Subject: Tripzy Account Approval Updates
Body:
<h2>Hello Rajah Hotels Provider,</h2><p>Your Tripzy user profile has been updated to: <strong>REJECTED</strong>.</p><p>We regret to inform you that your registration request was rejected by our administrator panel.</p><p>Best Regards,<br>The Tripzy Team</p>
========================================

========================================
Timestamp: 2026-06-03 15:01:36
To: provider@rajah.com
Subject: Tripzy Account Approval Updates
Body:
<h2>Hello Rajah Hotels Provider,</h2><p>Your Tripzy user profile has been updated to: <strong>REJECTED</strong>.</p><p>We regret to inform you that your registration request was rejected by our administrator panel.</p><p>Best Regards,<br>The Tripzy Team</p>
========================================

========================================
Timestamp: 2026-06-03 15:01:43
To: provider@rajah.com
Subject: Tripzy Account Approval Updates
Body:
<h2>Hello Rajah Hotels Provider,</h2><p>Your Tripzy user profile has been updated to: <strong>REJECTED</strong>.</p><p>We regret to inform you that your registration request was rejected by our administrator panel.</p><p>Best Regards,<br>The Tripzy Team</p>
========================================

========================================
Timestamp: 2026-06-03 15:01:51
To: provider@rajah.com
Subject: Tripzy Account Approval Updates
Body:
<h2>Hello Rajah Hotels Provider,</h2><p>Your Tripzy user profile has been updated to: <strong>REJECTED</strong>.</p><p>We regret to inform you that your registration request was rejected by our administrator panel.</p><p>Best Regards,<br>The Tripzy Team</p>
========================================

========================================
Timestamp: 2026-06-03 15:01:59
To: shaarusharujan@gmail.com
Subject: Tripzy Account Approval Updates
Body:
<h2>Hello Pirabakaran Sharujan,</h2><p>Your Tripzy user profile has been updated to: <strong>ACTIVE</strong>.</p><p>You are now authorized to log in and start providing or managing services.</p><p>Best Regards,<br>The Tripzy Team</p>
========================================

========================================
Timestamp: 2026-06-03 15:02:06
To: shaarusharujan@gmail.com
Subject: Tripzy Account Approval Updates
Body:
<h2>Hello Pirabakaran Sharujan,</h2><p>Your Tripzy user profile has been updated to: <strong>ACTIVE</strong>.</p><p>You are now authorized to log in and start providing or managing services.</p><p>Best Regards,<br>The Tripzy Team</p>
========================================

========================================
Timestamp: 2026-06-03 15:02:13
To: shaarusharujan@gmail.com
Subject: Tripzy Account Approval Updates
Body:
<h2>Hello Pirabakaran Sharujan,</h2><p>Your Tripzy user profile has been updated to: <strong>ACTIVE</strong>.</p><p>You are now authorized to log in and start providing or managing services.</p><p>Best Regards,<br>The Tripzy Team</p>
========================================

========================================
Timestamp: 2026-06-03 15:02:20
To: shaarusharujan@gmail.com
Subject: Tripzy Account Approval Updates
Body:
<h2>Hello Pirabakaran Sharujan,</h2><p>Your Tripzy user profile has been updated to: <strong>ACTIVE</strong>.</p><p>You are now authorized to log in and start providing or managing services.</p><p>Best Regards,<br>The Tripzy Team</p>
========================================

========================================
Timestamp: 2026-06-03 15:02:27
To: shaarusharujan@gmail.com
Subject: Tripzy Account Approval Updates
Body:
<h2>Hello Pirabakaran Sharujan,</h2><p>Your Tripzy user profile has been updated to: <strong>ACTIVE</strong>.</p><p>You are now authorized to log in and start providing or managing services.</p><p>Best Regards,<br>The Tripzy Team</p>
========================================

========================================
Timestamp: 2026-06-03 15:02:34
To: shaarusharujan@gmail.com
Subject: Tripzy Account Approval Updates
Body:
<h2>Hello Pirabakaran Sharujan,</h2><p>Your Tripzy user profile has been updated to: <strong>ACTIVE</strong>.</p><p>You are now authorized to log in and start providing or managing services.</p><p>Best Regards,<br>The Tripzy Team</p>
========================================

========================================
Timestamp: 2026-06-03 15:02:41
To: shaarusharujan@gmail.com
Subject: Tripzy Account Approval Updates
Body:
<h2>Hello Pirabakaran Sharujan,</h2><p>Your Tripzy user profile has been updated to: <strong>ACTIVE</strong>.</p><p>You are now authorized to log in and start providing or managing services.</p><p>Best Regards,<br>The Tripzy Team</p>
========================================

========================================
Timestamp: 2026-06-03 15:02:48
To: shaarusharujan@gmail.com
Subject: Tripzy Account Approval Updates
Body:
<h2>Hello Pirabakaran Sharujan,</h2><p>Your Tripzy user profile has been updated to: <strong>ACTIVE</strong>.</p><p>You are now authorized to log in and start providing or managing services.</p><p>Best Regards,<br>The Tripzy Team</p>
========================================

========================================
Timestamp: 2026-06-03 15:02:55
To: shaarusharujan@gmail.com
Subject: Tripzy Account Approval Updates
Body:
<h2>Hello Pirabakaran Sharujan,</h2><p>Your Tripzy user profile has been updated to: <strong>ACTIVE</strong>.</p><p>You are now authorized to log in and start providing or managing services.</p><p>Best Regards,<br>The Tripzy Team</p>
========================================

========================================
Timestamp: 2026-06-03 15:03:01
To: shaarusharujan@gmail.com
Subject: Tripzy Account Approval Updates
Body:
<h2>Hello Pirabakaran Sharujan,</h2><p>Your Tripzy user profile has been updated to: <strong>ACTIVE</strong>.</p><p>You are now authorized to log in and start providing or managing services.</p><p>Best Regards,<br>The Tripzy Team</p>
========================================

========================================
Timestamp: 2026-06-03 15:03:09
To: shaarusharujan@gmail.com
Subject: Tripzy Account Approval Updates
Body:
<h2>Hello Pirabakaran Sharujan,</h2><p>Your Tripzy user profile has been updated to: <strong>ACTIVE</strong>.</p><p>You are now authorized to log in and start providing or managing services.</p><p>Best Regards,<br>The Tripzy Team</p>
========================================

========================================
Timestamp: 2026-06-03 15:03:15
To: shaarusharujan@gmail.com
Subject: Tripzy Account Approval Updates
Body:
<h2>Hello Pirabakaran Sharujan,</h2><p>Your Tripzy user profile has been updated to: <strong>ACTIVE</strong>.</p><p>You are now authorized to log in and start providing or managing services.</p><p>Best Regards,<br>The Tripzy Team</p>
========================================

========================================
Timestamp: 2026-06-03 15:03:22
To: shaarusharujan@gmail.com
Subject: Tripzy Account Approval Updates
Body:
<h2>Hello Pirabakaran Sharujan,</h2><p>Your Tripzy user profile has been updated to: <strong>ACTIVE</strong>.</p><p>You are now authorized to log in and start providing or managing services.</p><p>Best Regards,<br>The Tripzy Team</p>
========================================

========================================
Timestamp: 2026-06-03 15:03:29
To: shaarusharujan@gmail.com
Subject: Tripzy Account Approval Updates
Body:
<h2>Hello Pirabakaran Sharujan,</h2><p>Your Tripzy user profile has been updated to: <strong>ACTIVE</strong>.</p><p>You are now authorized to log in and start providing or managing services.</p><p>Best Regards,<br>The Tripzy Team</p>
========================================

========================================
Timestamp: 2026-06-03 15:03:37
To: shaarusharujan@gmail.com
Subject: Tripzy Account Approval Updates
Body:
<h2>Hello Pirabakaran Sharujan,</h2><p>Your Tripzy user profile has been updated to: <strong>ACTIVE</strong>.</p><p>You are now authorized to log in and start providing or managing services.</p><p>Best Regards,<br>The Tripzy Team</p>
========================================

========================================
Timestamp: 2026-06-03 15:03:46
To: shaarusharujan@gmail.com
Subject: Tripzy Account Approval Updates
Body:
<h2>Hello Pirabakaran Sharujan,</h2><p>Your Tripzy user profile has been updated to: <strong>ACTIVE</strong>.</p><p>You are now authorized to log in and start providing or managing services.</p><p>Best Regards,<br>The Tripzy Team</p>
========================================

========================================
Timestamp: 2026-06-03 15:03:53
To: shaarusharujan@gmail.com
Subject: Tripzy Account Approval Updates
Body:
<h2>Hello Pirabakaran Sharujan,</h2><p>Your Tripzy user profile has been updated to: <strong>ACTIVE</strong>.</p><p>You are now authorized to log in and start providing or managing services.</p><p>Best Regards,<br>The Tripzy Team</p>
========================================

========================================
Timestamp: 2026-06-03 15:04:01
To: shaarusharujan@gmail.com
Subject: Tripzy Account Approval Updates
Body:
<h2>Hello Pirabakaran Sharujan,</h2><p>Your Tripzy user profile has been updated to: <strong>ACTIVE</strong>.</p><p>You are now authorized to log in and start providing or managing services.</p><p>Best Regards,<br>The Tripzy Team</p>
========================================

========================================
Timestamp: 2026-06-03 15:04:07
To: shaarusharujan@gmail.com
Subject: Tripzy Account Approval Updates
Body:
<h2>Hello Pirabakaran Sharujan,</h2><p>Your Tripzy user profile has been updated to: <strong>ACTIVE</strong>.</p><p>You are now authorized to log in and start providing or managing services.</p><p>Best Regards,<br>The Tripzy Team</p>
========================================

========================================
Timestamp: 2026-06-03 15:37:56
To: sukimakizh@gmail.com
Subject: Tripzy Password Reset Request
Body:
<h2>Tripzy Password Reset</h2><p>Hello,</p><p>We received a request to reset the password for the Tripzy account associated with this email address.</p><p><strong>Verification Token:</strong></p><h3 style='letter-spacing: 0.15em;'>120238</h3><p>Enter this code in the reset password form to verify your identity and set a new password.</p><p>If you did not request this change, please ignore this email or contact support.</p><p>Warm regards,<br>Tripzy Sri Lanka Team</p>
========================================

========================================
Timestamp: 2026-06-03 15:43:47
To: sukimakizh@gmail.com
Subject: Tripzy Password Reset Request
Body:
<h2>Tripzy Password Reset</h2><p>Hello,</p><p>We received a request to reset the password for the Tripzy account associated with this email address.</p><p><strong>Verification Token:</strong></p><h3 style='letter-spacing: 0.15em;'>447514</h3><p>Enter this code in the verification form to confirm your identity.</p><p>If you did not request this change, please ignore this email.</p><p>Warm regards,<br>Tripzy Sri Lanka Team</p>
========================================

========================================
Timestamp: 2026-06-03 16:20:46
To: smahazinulhathik@gmail.com
Subject: Tripzy Booking Confirmation Request - Ref: TZ-G-20260603-7444
Body:
<h2>Dear Mahazinul Hathik,</h2><p>Your booking request for <strong>maank</strong> has been submitted successfully!</p><h3>Booking Reference Details:</h3><ul><li><strong>Booking Ref No:</strong> TZ-G-20260603-7444</li><li><strong>Service:</strong> Guide (maank)</li><li><strong>Duration:</strong> 2026-06-03 to 2026-06-04 (1 day/s)</li><li><strong>Total Cost:</strong> LKR 678.00</li><li><strong>Payment Mode:</strong> Offline (Pay on Arrival / Physical Payment to Provider)</li><li><strong>Status:</strong> PENDING CONFIRMATION</li></ul><p>Please pay the provider physically upon arrival to complete your booking. The service provider will verify your reference number and mark the booking as completed.</p><p>Best Regards,<br>Tripzy Sri Lanka Team</p>
========================================

PHPMailer Exception: SMTP Error: Could not connect to SMTP host. Failed to connect to server
========================================
Timestamp: 2026-06-03 16:20:46
To: shaarusharujan@gmail.com
Subject: New Booking Received - Ref: TZ-G-20260603-7444
Body:
<h2>Hello Provider,</h2><p>You have received a new booking request for your service: <strong>maank</strong>.</p><p><strong>Client:</strong> Mahazinul Hathik (smahazinulhathik@gmail.com)</p><p><strong>Dates:</strong> 2026-06-03 to 2026-06-04</p><p><strong>Price:</strong> LKR 678.00</p><p>Please review and update the status in your Provider Dashboard.</p>
========================================

PHPMailer Exception: SMTP Error: Could not connect to SMTP host. Failed to connect to server
========================================
Timestamp: 2026-06-03 16:21:33
To: smahazinulhathik@gmail.com
Subject: Tripzy Booking Confirmation Request - Ref: TZ-G-20260603-9262
Body:
<h2>Dear Mahazinul Hathik,</h2><p>Your booking request for <strong>maank</strong> has been submitted successfully!</p><h3>Booking Reference Details:</h3><ul><li><strong>Booking Ref No:</strong> TZ-G-20260603-9262</li><li><strong>Service:</strong> Guide (maank)</li><li><strong>Duration:</strong> 2026-06-03 to 2026-06-05 (2 day/s)</li><li><strong>Total Cost:</strong> LKR 1,356.00</li><li><strong>Payment Mode:</strong> Offline (Pay on Arrival / Physical Payment to Provider)</li><li><strong>Status:</strong> PENDING CONFIRMATION</li></ul><p>Please pay the provider physically upon arrival to complete your booking. The service provider will verify your reference number and mark the booking as completed.</p><p>Best Regards,<br>Tripzy Sri Lanka Team</p>
========================================

PHPMailer Exception: SMTP Error: Could not connect to SMTP host. Failed to connect to server
========================================
Timestamp: 2026-06-03 16:21:33
To: shaarusharujan@gmail.com
Subject: New Booking Received - Ref: TZ-G-20260603-9262
Body:
<h2>Hello Provider,</h2><p>You have received a new booking request for your service: <strong>maank</strong>.</p><p><strong>Client:</strong> Mahazinul Hathik (smahazinulhathik@gmail.com)</p><p><strong>Dates:</strong> 2026-06-03 to 2026-06-05</p><p><strong>Price:</strong> LKR 1,356.00</p><p>Please review and update the status in your Provider Dashboard.</p>
========================================

PHPMailer Exception: SMTP Error: Could not connect to SMTP host. Failed to connect to server
========================================
Timestamp: 2026-06-03 16:23:09
To: smahazinulhathik@gmail.com
Subject: Tripzy Booking Status Updated - Ref: TZ-G-20260603-9262
Body:
<h2>Dear Mahazinul Hathik,</h2><p>Your booking for <strong>maank</strong> (Ref: TZ-G-20260603-9262) has been marked as: <strong>COMPLETED</strong>.</p><p>Thank you for completing your payment. Your booking is officially verified. The service post has been disabled to prevent further bookings for this specific offer.</p><p>Warm Regards,<br>Tripzy Sri Lanka Team</p>
========================================

PHPMailer Exception: SMTP Error: Could not connect to SMTP host. Failed to connect to server
========================================
Timestamp: 2026-06-03 16:23:14
To: smahazinulhathik@gmail.com
Subject: Tripzy Booking Status Updated - Ref: TZ-G-20260603-7444
Body:
<h2>Dear Mahazinul Hathik,</h2><p>Your booking for <strong>maank</strong> (Ref: TZ-G-20260603-7444) has been marked as: <strong>COMPLETED</strong>.</p><p>Thank you for completing your payment. Your booking is officially verified. The service post has been disabled to prevent further bookings for this specific offer.</p><p>Warm Regards,<br>Tripzy Sri Lanka Team</p>
========================================

PHPMailer Exception: SMTP Error: Could not connect to SMTP host. Failed to connect to server
========================================
Timestamp: 2026-06-03 18:03:27
To: makilini2003@gmail.com
Subject: Welcome to Tripzy Sri Lanka!
Body:
<h2>Hello Theivarasa Makilini,</h2><p>Thank you for registering on Tripzy - Smart Tourism Management and Booking System for Sri Lanka.</p><p>Your account is now active! You can log in and start using our platform.</p><p>Warm Regards,<br>The Tripzy Team</p>
========================================

========================================
Timestamp: 2026-06-03 18:39:02
To: makilini2003@gmail.com
Subject: Tripzy Companion Request Accepted!
Body:
<h2>Great News, Theivarasa Makilini!</h2><p>Your request to join the travel plan to <strong>kandy</strong> has been <strong>ACCEPTED</strong> by Mahazinul Hathik.</p><h3>Contact Details Shared:</h3><ul><li><strong>Travel Companion Name:</strong> Mahazinul Hathik</li><li><strong>Email Address:</strong> smahazinulhathik@gmail.com</li><li><strong>Contact Phone:</strong> 0770789078</li></ul><p>You are now matched as travel companions. Get in touch and enjoy your trip together!</p><p>Warm Regards,<br>Tripzy Sri Lanka Team</p>
========================================

========================================
Timestamp: 2026-06-03 18:39:08
To: smahazinulhathik@gmail.com
Subject: Companion Request Approved: Details Shared
Body:
<h2>Hello Mahazinul Hathik,</h2><p>You accepted Theivarasa Makilini's request to join your trip to <strong>kandy</strong>.</p><h3>Requester's Contact Details:</h3><ul><li><strong>Name:</strong> Theivarasa Makilini</li><li><strong>Email:</strong> makilini2003@gmail.com</li><li><strong>Contact Phone:</strong> 0789090900</li></ul><p>Happy Traveling!</p>
========================================

========================================
Timestamp: 2026-06-03 18:39:14
To: makilini2003@gmail.com
Subject: Tripzy Companion Request Accepted!
Body:
<h2>Great News, Theivarasa Makilini!</h2><p>Your request to join the travel plan to <strong>kandy</strong> has been <strong>ACCEPTED</strong> by Mahazinul Hathik.</p><h3>Contact Details Shared:</h3><ul><li><strong>Travel Companion Name:</strong> Mahazinul Hathik</li><li><strong>Email Address:</strong> smahazinulhathik@gmail.com</li><li><strong>Contact Phone:</strong> 0770789078</li></ul><p>You are now matched as travel companions. Get in touch and enjoy your trip together!</p><p>Warm Regards,<br>Tripzy Sri Lanka Team</p>
========================================

========================================
Timestamp: 2026-06-03 18:39:20
To: smahazinulhathik@gmail.com
Subject: Companion Request Approved: Details Shared
Body:
<h2>Hello Mahazinul Hathik,</h2><p>You accepted Theivarasa Makilini's request to join your trip to <strong>kandy</strong>.</p><h3>Requester's Contact Details:</h3><ul><li><strong>Name:</strong> Theivarasa Makilini</li><li><strong>Email:</strong> makilini2003@gmail.com</li><li><strong>Contact Phone:</strong> 0789090900</li></ul><p>Happy Traveling!</p>
========================================

========================================
Timestamp: 2026-06-03 18:39:26
To: makilini2003@gmail.com
Subject: Tripzy Companion Request Accepted!
Body:
<h2>Great News, Theivarasa Makilini!</h2><p>Your request to join the travel plan to <strong>kandy</strong> has been <strong>ACCEPTED</strong> by Mahazinul Hathik.</p><h3>Contact Details Shared:</h3><ul><li><strong>Travel Companion Name:</strong> Mahazinul Hathik</li><li><strong>Email Address:</strong> smahazinulhathik@gmail.com</li><li><strong>Contact Phone:</strong> 0770789078</li></ul><p>You are now matched as travel companions. Get in touch and enjoy your trip together!</p><p>Warm Regards,<br>Tripzy Sri Lanka Team</p>
========================================

========================================
Timestamp: 2026-06-03 18:39:32
To: smahazinulhathik@gmail.com
Subject: Companion Request Approved: Details Shared
Body:
<h2>Hello Mahazinul Hathik,</h2><p>You accepted Theivarasa Makilini's request to join your trip to <strong>kandy</strong>.</p><h3>Requester's Contact Details:</h3><ul><li><strong>Name:</strong> Theivarasa Makilini</li><li><strong>Email:</strong> makilini2003@gmail.com</li><li><strong>Contact Phone:</strong> 0789090900</li></ul><p>Happy Traveling!</p>
========================================

========================================
Timestamp: 2026-06-03 18:39:39
To: makilini2003@gmail.com
Subject: Tripzy Companion Request Accepted!
Body:
<h2>Great News, Theivarasa Makilini!</h2><p>Your request to join the travel plan to <strong>kandy</strong> has been <strong>ACCEPTED</strong> by Mahazinul Hathik.</p><h3>Contact Details Shared:</h3><ul><li><strong>Travel Companion Name:</strong> Mahazinul Hathik</li><li><strong>Email Address:</strong> smahazinulhathik@gmail.com</li><li><strong>Contact Phone:</strong> 0770789078</li></ul><p>You are now matched as travel companions. Get in touch and enjoy your trip together!</p><p>Warm Regards,<br>Tripzy Sri Lanka Team</p>
========================================

========================================
Timestamp: 2026-06-03 18:39:45
To: smahazinulhathik@gmail.com
Subject: Companion Request Approved: Details Shared
Body:
<h2>Hello Mahazinul Hathik,</h2><p>You accepted Theivarasa Makilini's request to join your trip to <strong>kandy</strong>.</p><h3>Requester's Contact Details:</h3><ul><li><strong>Name:</strong> Theivarasa Makilini</li><li><strong>Email:</strong> makilini2003@gmail.com</li><li><strong>Contact Phone:</strong> 0789090900</li></ul><p>Happy Traveling!</p>
========================================

========================================
Timestamp: 2026-06-03 19:01:44
To: smahazinulhathik@gmail.com
Subject: Tripzy Companion Request Accepted!
Body:
<h2>Great News, Mahazinul Hathik!</h2><p>Your request to join the travel plan to <strong>badulla</strong> has been <strong>ACCEPTED</strong> by Theivarasa Makilini.</p><h3>Contact Details Shared:</h3><ul><li><strong>Travel Companion Name:</strong> Theivarasa Makilini</li><li><strong>Email Address:</strong> makilini2003@gmail.com</li><li><strong>Contact Phone:</strong> 0789090900</li></ul><p>You are now matched as travel companions. Get in touch and enjoy your trip together!</p><p>Warm Regards,<br>Tripzy Sri Lanka Team</p>
========================================

========================================
Timestamp: 2026-06-03 19:01:52
To: makilini2003@gmail.com
Subject: Companion Request Approved: Details Shared
Body:
<h2>Hello Theivarasa Makilini,</h2><p>You accepted Mahazinul Hathik's request to join your trip to <strong>badulla</strong>.</p><h3>Requester's Contact Details:</h3><ul><li><strong>Name:</strong> Mahazinul Hathik</li><li><strong>Email:</strong> smahazinulhathik@gmail.com</li><li><strong>Contact Phone:</strong> 0770789078</li></ul><p>Happy Traveling!</p>
========================================

========================================
Timestamp: 2026-06-03 19:01:58
To: smahazinulhathik@gmail.com
Subject: Tripzy Companion Request Accepted!
Body:
<h2>Great News, Mahazinul Hathik!</h2><p>Your request to join the travel plan to <strong>badulla</strong> has been <strong>ACCEPTED</strong> by Theivarasa Makilini.</p><h3>Contact Details Shared:</h3><ul><li><strong>Travel Companion Name:</strong> Theivarasa Makilini</li><li><strong>Email Address:</strong> makilini2003@gmail.com</li><li><strong>Contact Phone:</strong> 0789090900</li></ul><p>You are now matched as travel companions. Get in touch and enjoy your trip together!</p><p>Warm Regards,<br>Tripzy Sri Lanka Team</p>
========================================

========================================
Timestamp: 2026-06-03 19:02:05
To: makilini2003@gmail.com
Subject: Companion Request Approved: Details Shared
Body:
<h2>Hello Theivarasa Makilini,</h2><p>You accepted Mahazinul Hathik's request to join your trip to <strong>badulla</strong>.</p><h3>Requester's Contact Details:</h3><ul><li><strong>Name:</strong> Mahazinul Hathik</li><li><strong>Email:</strong> smahazinulhathik@gmail.com</li><li><strong>Contact Phone:</strong> 0770789078</li></ul><p>Happy Traveling!</p>
========================================

========================================
Timestamp: 2026-06-04 12:02:33
To: eugenia.silva.test68421@example.com
Subject: Welcome to Tripzy Sri Lanka!
Body:
<h2>Hello Eugenia Silva,</h2><p>Thank you for registering on Tripzy - Smart Tourism Management and Booking System for Sri Lanka.</p><p>Your account is now active! You can log in and start using our platform.</p><p>Warm Regards,<br>The Tripzy Team</p>
========================================

========================================
Timestamp: 2026-06-04 12:40:14
To: dteugee2003@gmail.com
Subject: Welcome to Tripzy Sri Lanka!
Body:
<h2>Hello Test User,</h2><p>Thank you for registering on Tripzy - Smart Tourism Management and Booking System for Sri Lanka.</p><p>Your account is now active! You can log in and start using our platform.</p><p>Warm Regards,<br>The Tripzy Team</p>
========================================

========================================
Timestamp: 2026-06-04 12:42:29
To: dteugee2003@gmail.com
Subject: Tripzy Password Reset Request
Body:
<h2>Tripzy Password Reset</h2><p>Hello,</p><p>We received a request to reset the password for the Tripzy account associated with this email address.</p><p><strong>Verification Token:</strong></p><h3 style='letter-spacing: 0.15em;'>100363</h3><p>Enter this code in the verification form to confirm your identity.</p><p>If you did not request this change, please ignore this email.</p><p>Warm regards,<br>Tripzy Sri Lanka Team</p>
========================================

========================================
Timestamp: 2026-06-04 12:50:03
To: makilini2003@gmail.com
Subject: Tripzy Password Reset Request
Body:
<h2>Tripzy Password Reset</h2><p>Hello,</p><p>We received a request to reset the password for the Tripzy account associated with this email address.</p><p><strong>Verification Token:</strong></p><h3 style='letter-spacing: 0.15em;'>696081</h3><p>Enter this code in the verification form to confirm your identity.</p><p>If you did not request this change, please ignore this email.</p><p>Warm regards,<br>Tripzy Sri Lanka Team</p>
========================================

========================================
Timestamp: 2026-06-04 16:12:45
To: testtourist@example.com
Subject: Welcome to Tripzy Sri Lanka!
Body:
<h2>Hello Test Tourist,</h2><p>Thank you for registering on Tripzy - Smart Tourism Management and Booking System for Sri Lanka.</p><p>Your account is now active! You can log in and start using our platform.</p><p>Warm Regards,<br>The Tripzy Team</p>
========================================

========================================
Timestamp: 2026-06-04 17:43:26
To: dteugene2003@gmail.com
Subject: Tripzy Password Reset Request
Body:
<h2>Tripzy Password Reset</h2><p>Hello,</p><p>We received a request to reset the password for the Tripzy account associated with this email address.</p><p><strong>Verification Token:</strong></p><h3 style='letter-spacing: 0.15em;'>594134</h3><p>Enter this code in the verification form to confirm your identity.</p><p>If you did not request this change, please ignore this email.</p><p>Warm regards,<br>Tripzy Sri Lanka Team</p>
========================================

========================================
Timestamp: 2026-06-04 18:58:18
To: newtourist@example.com
Subject: Welcome to Tripzy Sri Lanka!
Body:
<h2>Hello Test Tourist,</h2><p>Thank you for registering on Tripzy - Smart Tourism Management and Booking System for Sri Lanka.</p><p>Your account is now active! You can log in and start using our platform.</p><p>Warm Regards,<br>The Tripzy Team</p>
========================================

========================================
Timestamp: 2026-06-04 19:44:08
To: makilini2003@gmail.com
Subject: Tripzy Booking Confirmation Request - Ref: TZ-V-20260604-7932
Body:
<h2>Dear Theivarasa Makilini,</h2><p>Your booking request for <strong>car lambogini</strong> has been submitted successfully!</p><h3>Booking Reference Details:</h3><ul><li><strong>Booking Ref No:</strong> TZ-V-20260604-7932</li><li><strong>Service:</strong> Vehicle (car lambogini)</li><li><strong>Duration:</strong> 2026-06-05 to 2026-06-06 (1 day/s)</li><li><strong>Total Cost:</strong> LKR 5,000.00</li><li><strong>Payment Mode:</strong> Offline (Pay on Arrival / Physical Payment to Provider)</li><li><strong>Status:</strong> PENDING CONFIRMATION</li></ul><p>Please pay the provider physically upon arrival to complete your booking. The service provider will verify your reference number and mark the booking as completed.</p><p>Best Regards,<br>Tripzy Sri Lanka Team</p>
========================================

========================================
Timestamp: 2026-06-04 19:44:15
To: uginaravinthan@gmail.com
Subject: New Booking Received - Ref: TZ-V-20260604-7932
Body:
<h2>Hello Provider,</h2><p>You have received a new booking request for your service: <strong>car lambogini</strong>.</p><p><strong>Client:</strong> Theivarasa Makilini (makilini2003@gmail.com)</p><p><strong>Dates:</strong> 2026-06-05 to 2026-06-06</p><p><strong>Price:</strong> LKR 5,000.00</p><p>Please review and update the status in your Provider Dashboard.</p>
========================================

========================================
Timestamp: 2026-06-04 19:44:21
To: makilini2003@gmail.com
Subject: Tripzy Booking Confirmation Request - Ref: TZ-V-20260604-3117
Body:
<h2>Dear Theivarasa Makilini,</h2><p>Your booking request for <strong>car lambogini</strong> has been submitted successfully!</p><h3>Booking Reference Details:</h3><ul><li><strong>Booking Ref No:</strong> TZ-V-20260604-3117</li><li><strong>Service:</strong> Vehicle (car lambogini)</li><li><strong>Duration:</strong> 2026-06-05 to 2026-06-06 (1 day/s)</li><li><strong>Total Cost:</strong> LKR 5,000.00</li><li><strong>Payment Mode:</strong> Offline (Pay on Arrival / Physical Payment to Provider)</li><li><strong>Status:</strong> PENDING CONFIRMATION</li></ul><p>Please pay the provider physically upon arrival to complete your booking. The service provider will verify your reference number and mark the booking as completed.</p><p>Best Regards,<br>Tripzy Sri Lanka Team</p>
========================================

========================================
Timestamp: 2026-06-04 19:44:26
To: uginaravinthan@gmail.com
Subject: New Booking Received - Ref: TZ-V-20260604-3117
Body:
<h2>Hello Provider,</h2><p>You have received a new booking request for your service: <strong>car lambogini</strong>.</p><p><strong>Client:</strong> Theivarasa Makilini (makilini2003@gmail.com)</p><p><strong>Dates:</strong> 2026-06-05 to 2026-06-06</p><p><strong>Price:</strong> LKR 5,000.00</p><p>Please review and update the status in your Provider Dashboard.</p>
========================================

========================================
Timestamp: 2026-06-04 19:44:32
To: makilini2003@gmail.com
Subject: Tripzy Booking Confirmation Request - Ref: TZ-V-20260604-9984
Body:
<h2>Dear Theivarasa Makilini,</h2><p>Your booking request for <strong>car lambogini</strong> has been submitted successfully!</p><h3>Booking Reference Details:</h3><ul><li><strong>Booking Ref No:</strong> TZ-V-20260604-9984</li><li><strong>Service:</strong> Vehicle (car lambogini)</li><li><strong>Duration:</strong> 2026-06-05 to 2026-06-06 (1 day/s)</li><li><strong>Total Cost:</strong> LKR 5,000.00</li><li><strong>Payment Mode:</strong> Offline (Pay on Arrival / Physical Payment to Provider)</li><li><strong>Status:</strong> PENDING CONFIRMATION</li></ul><p>Please pay the provider physically upon arrival to complete your booking. The service provider will verify your reference number and mark the booking as completed.</p><p>Best Regards,<br>Tripzy Sri Lanka Team</p>
========================================

========================================
Timestamp: 2026-06-04 19:44:38
To: uginaravinthan@gmail.com
Subject: New Booking Received - Ref: TZ-V-20260604-9984
Body:
<h2>Hello Provider,</h2><p>You have received a new booking request for your service: <strong>car lambogini</strong>.</p><p><strong>Client:</strong> Theivarasa Makilini (makilini2003@gmail.com)</p><p><strong>Dates:</strong> 2026-06-05 to 2026-06-06</p><p><strong>Price:</strong> LKR 5,000.00</p><p>Please review and update the status in your Provider Dashboard.</p>
========================================

========================================
Timestamp: 2026-06-04 19:44:43
To: makilini2003@gmail.com
Subject: Tripzy Booking Confirmation Request - Ref: TZ-V-20260604-6839
Body:
<h2>Dear Theivarasa Makilini,</h2><p>Your booking request for <strong>car lambogini</strong> has been submitted successfully!</p><h3>Booking Reference Details:</h3><ul><li><strong>Booking Ref No:</strong> TZ-V-20260604-6839</li><li><strong>Service:</strong> Vehicle (car lambogini)</li><li><strong>Duration:</strong> 2026-06-05 to 2026-06-06 (1 day/s)</li><li><strong>Total Cost:</strong> LKR 5,000.00</li><li><strong>Payment Mode:</strong> Offline (Pay on Arrival / Physical Payment to Provider)</li><li><strong>Status:</strong> PENDING CONFIRMATION</li></ul><p>Please pay the provider physically upon arrival to complete your booking. The service provider will verify your reference number and mark the booking as completed.</p><p>Best Regards,<br>Tripzy Sri Lanka Team</p>
========================================

========================================
Timestamp: 2026-06-04 19:44:49
To: uginaravinthan@gmail.com
Subject: New Booking Received - Ref: TZ-V-20260604-6839
Body:
<h2>Hello Provider,</h2><p>You have received a new booking request for your service: <strong>car lambogini</strong>.</p><p><strong>Client:</strong> Theivarasa Makilini (makilini2003@gmail.com)</p><p><strong>Dates:</strong> 2026-06-05 to 2026-06-06</p><p><strong>Price:</strong> LKR 5,000.00</p><p>Please review and update the status in your Provider Dashboard.</p>
========================================

========================================
Timestamp: 2026-06-04 19:44:54
To: makilini2003@gmail.com
Subject: Tripzy Booking Confirmation Request - Ref: TZ-V-20260604-4639
Body:
<h2>Dear Theivarasa Makilini,</h2><p>Your booking request for <strong>car lambogini</strong> has been submitted successfully!</p><h3>Booking Reference Details:</h3><ul><li><strong>Booking Ref No:</strong> TZ-V-20260604-4639</li><li><strong>Service:</strong> Vehicle (car lambogini)</li><li><strong>Duration:</strong> 2026-06-05 to 2026-06-06 (1 day/s)</li><li><strong>Total Cost:</strong> LKR 5,000.00</li><li><strong>Payment Mode:</strong> Offline (Pay on Arrival / Physical Payment to Provider)</li><li><strong>Status:</strong> PENDING CONFIRMATION</li></ul><p>Please pay the provider physically upon arrival to complete your booking. The service provider will verify your reference number and mark the booking as completed.</p><p>Best Regards,<br>Tripzy Sri Lanka Team</p>
========================================

========================================
Timestamp: 2026-06-04 19:44:59
To: uginaravinthan@gmail.com
Subject: New Booking Received - Ref: TZ-V-20260604-4639
Body:
<h2>Hello Provider,</h2><p>You have received a new booking request for your service: <strong>car lambogini</strong>.</p><p><strong>Client:</strong> Theivarasa Makilini (makilini2003@gmail.com)</p><p><strong>Dates:</strong> 2026-06-05 to 2026-06-06</p><p><strong>Price:</strong> LKR 5,000.00</p><p>Please review and update the status in your Provider Dashboard.</p>
========================================

========================================
Timestamp: 2026-06-04 19:45:04
To: makilini2003@gmail.com
Subject: Tripzy Booking Confirmation Request - Ref: TZ-V-20260604-6818
Body:
<h2>Dear Theivarasa Makilini,</h2><p>Your booking request for <strong>car lambogini</strong> has been submitted successfully!</p><h3>Booking Reference Details:</h3><ul><li><strong>Booking Ref No:</strong> TZ-V-20260604-6818</li><li><strong>Service:</strong> Vehicle (car lambogini)</li><li><strong>Duration:</strong> 2026-06-05 to 2026-06-06 (1 day/s)</li><li><strong>Total Cost:</strong> LKR 5,000.00</li><li><strong>Payment Mode:</strong> Offline (Pay on Arrival / Physical Payment to Provider)</li><li><strong>Status:</strong> PENDING CONFIRMATION</li></ul><p>Please pay the provider physically upon arrival to complete your booking. The service provider will verify your reference number and mark the booking as completed.</p><p>Best Regards,<br>Tripzy Sri Lanka Team</p>
========================================

========================================
Timestamp: 2026-06-04 19:45:10
To: uginaravinthan@gmail.com
Subject: New Booking Received - Ref: TZ-V-20260604-6818
Body:
<h2>Hello Provider,</h2><p>You have received a new booking request for your service: <strong>car lambogini</strong>.</p><p><strong>Client:</strong> Theivarasa Makilini (makilini2003@gmail.com)</p><p><strong>Dates:</strong> 2026-06-05 to 2026-06-06</p><p><strong>Price:</strong> LKR 5,000.00</p><p>Please review and update the status in your Provider Dashboard.</p>
========================================

========================================
Timestamp: 2026-06-04 19:45:17
To: makilini2003@gmail.com
Subject: Tripzy Booking Confirmation Request - Ref: TZ-V-20260604-1259
Body:
<h2>Dear Theivarasa Makilini,</h2><p>Your booking request for <strong>car lambogini</strong> has been submitted successfully!</p><h3>Booking Reference Details:</h3><ul><li><strong>Booking Ref No:</strong> TZ-V-20260604-1259</li><li><strong>Service:</strong> Vehicle (car lambogini)</li><li><strong>Duration:</strong> 2026-06-05 to 2026-06-06 (1 day/s)</li><li><strong>Total Cost:</strong> LKR 5,000.00</li><li><strong>Payment Mode:</strong> Offline (Pay on Arrival / Physical Payment to Provider)</li><li><strong>Status:</strong> PENDING CONFIRMATION</li></ul><p>Please pay the provider physically upon arrival to complete your booking. The service provider will verify your reference number and mark the booking as completed.</p><p>Best Regards,<br>Tripzy Sri Lanka Team</p>
========================================

========================================
Timestamp: 2026-06-04 19:45:23
To: uginaravinthan@gmail.com
Subject: New Booking Received - Ref: TZ-V-20260604-1259
Body:
<h2>Hello Provider,</h2><p>You have received a new booking request for your service: <strong>car lambogini</strong>.</p><p><strong>Client:</strong> Theivarasa Makilini (makilini2003@gmail.com)</p><p><strong>Dates:</strong> 2026-06-05 to 2026-06-06</p><p><strong>Price:</strong> LKR 5,000.00</p><p>Please review and update the status in your Provider Dashboard.</p>
========================================

========================================
Timestamp: 2026-06-04 19:45:27
To: makilini2003@gmail.com
Subject: Tripzy Booking Confirmation Request - Ref: TZ-V-20260604-7453
Body:
<h2>Dear Theivarasa Makilini,</h2><p>Your booking request for <strong>car lambogini</strong> has been submitted successfully!</p><h3>Booking Reference Details:</h3><ul><li><strong>Booking Ref No:</strong> TZ-V-20260604-7453</li><li><strong>Service:</strong> Vehicle (car lambogini)</li><li><strong>Duration:</strong> 2026-06-05 to 2026-06-06 (1 day/s)</li><li><strong>Total Cost:</strong> LKR 5,000.00</li><li><strong>Payment Mode:</strong> Offline (Pay on Arrival / Physical Payment to Provider)</li><li><strong>Status:</strong> PENDING CONFIRMATION</li></ul><p>Please pay the provider physically upon arrival to complete your booking. The service provider will verify your reference number and mark the booking as completed.</p><p>Best Regards,<br>Tripzy Sri Lanka Team</p>
========================================

========================================
Timestamp: 2026-06-04 19:45:31
To: uginaravinthan@gmail.com
Subject: New Booking Received - Ref: TZ-V-20260604-7453
Body:
<h2>Hello Provider,</h2><p>You have received a new booking request for your service: <strong>car lambogini</strong>.</p><p><strong>Client:</strong> Theivarasa Makilini (makilini2003@gmail.com)</p><p><strong>Dates:</strong> 2026-06-05 to 2026-06-06</p><p><strong>Price:</strong> LKR 5,000.00</p><p>Please review and update the status in your Provider Dashboard.</p>
========================================

========================================
Timestamp: 2026-06-04 19:45:38
To: makilini2003@gmail.com
Subject: Tripzy Booking Confirmation Request - Ref: TZ-V-20260604-1136
Body:
<h2>Dear Theivarasa Makilini,</h2><p>Your booking request for <strong>car lambogini</strong> has been submitted successfully!</p><h3>Booking Reference Details:</h3><ul><li><strong>Booking Ref No:</strong> TZ-V-20260604-1136</li><li><strong>Service:</strong> Vehicle (car lambogini)</li><li><strong>Duration:</strong> 2026-06-05 to 2026-06-06 (1 day/s)</li><li><strong>Total Cost:</strong> LKR 5,000.00</li><li><strong>Payment Mode:</strong> Offline (Pay on Arrival / Physical Payment to Provider)</li><li><strong>Status:</strong> PENDING CONFIRMATION</li></ul><p>Please pay the provider physically upon arrival to complete your booking. The service provider will verify your reference number and mark the booking as completed.</p><p>Best Regards,<br>Tripzy Sri Lanka Team</p>
========================================

========================================
Timestamp: 2026-06-04 19:45:46
To: uginaravinthan@gmail.com
Subject: New Booking Received - Ref: TZ-V-20260604-1136
Body:
<h2>Hello Provider,</h2><p>You have received a new booking request for your service: <strong>car lambogini</strong>.</p><p><strong>Client:</strong> Theivarasa Makilini (makilini2003@gmail.com)</p><p><strong>Dates:</strong> 2026-06-05 to 2026-06-06</p><p><strong>Price:</strong> LKR 5,000.00</p><p>Please review and update the status in your Provider Dashboard.</p>
========================================

========================================
Timestamp: 2026-06-04 19:45:52
To: makilini2003@gmail.com
Subject: Tripzy Booking Confirmation Request - Ref: TZ-V-20260604-1812
Body:
<h2>Dear Theivarasa Makilini,</h2><p>Your booking request for <strong>car lambogini</strong> has been submitted successfully!</p><h3>Booking Reference Details:</h3><ul><li><strong>Booking Ref No:</strong> TZ-V-20260604-1812</li><li><strong>Service:</strong> Vehicle (car lambogini)</li><li><strong>Duration:</strong> 2026-06-05 to 2026-06-06 (1 day/s)</li><li><strong>Total Cost:</strong> LKR 5,000.00</li><li><strong>Payment Mode:</strong> Offline (Pay on Arrival / Physical Payment to Provider)</li><li><strong>Status:</strong> PENDING CONFIRMATION</li></ul><p>Please pay the provider physically upon arrival to complete your booking. The service provider will verify your reference number and mark the booking as completed.</p><p>Best Regards,<br>Tripzy Sri Lanka Team</p>
========================================

========================================
Timestamp: 2026-06-04 19:45:58
To: uginaravinthan@gmail.com
Subject: New Booking Received - Ref: TZ-V-20260604-1812
Body:
<h2>Hello Provider,</h2><p>You have received a new booking request for your service: <strong>car lambogini</strong>.</p><p><strong>Client:</strong> Theivarasa Makilini (makilini2003@gmail.com)</p><p><strong>Dates:</strong> 2026-06-05 to 2026-06-06</p><p><strong>Price:</strong> LKR 5,000.00</p><p>Please review and update the status in your Provider Dashboard.</p>
========================================

========================================
Timestamp: 2026-06-04 19:46:03
To: makilini2003@gmail.com
Subject: Tripzy Booking Confirmation Request - Ref: TZ-V-20260604-9660
Body:
<h2>Dear Theivarasa Makilini,</h2><p>Your booking request for <strong>car lambogini</strong> has been submitted successfully!</p><h3>Booking Reference Details:</h3><ul><li><strong>Booking Ref No:</strong> TZ-V-20260604-9660</li><li><strong>Service:</strong> Vehicle (car lambogini)</li><li><strong>Duration:</strong> 2026-06-05 to 2026-06-06 (1 day/s)</li><li><strong>Total Cost:</strong> LKR 5,000.00</li><li><strong>Payment Mode:</strong> Offline (Pay on Arrival / Physical Payment to Provider)</li><li><strong>Status:</strong> PENDING CONFIRMATION</li></ul><p>Please pay the provider physically upon arrival to complete your booking. The service provider will verify your reference number and mark the booking as completed.</p><p>Best Regards,<br>Tripzy Sri Lanka Team</p>
========================================

========================================
Timestamp: 2026-06-04 19:46:08
To: uginaravinthan@gmail.com
Subject: New Booking Received - Ref: TZ-V-20260604-9660
Body:
<h2>Hello Provider,</h2><p>You have received a new booking request for your service: <strong>car lambogini</strong>.</p><p><strong>Client:</strong> Theivarasa Makilini (makilini2003@gmail.com)</p><p><strong>Dates:</strong> 2026-06-05 to 2026-06-06</p><p><strong>Price:</strong> LKR 5,000.00</p><p>Please review and update the status in your Provider Dashboard.</p>
========================================

========================================
Timestamp: 2026-06-04 19:46:14
To: makilini2003@gmail.com
Subject: Tripzy Booking Confirmation Request - Ref: TZ-V-20260604-4923
Body:
<h2>Dear Theivarasa Makilini,</h2><p>Your booking request for <strong>car lambogini</strong> has been submitted successfully!</p><h3>Booking Reference Details:</h3><ul><li><strong>Booking Ref No:</strong> TZ-V-20260604-4923</li><li><strong>Service:</strong> Vehicle (car lambogini)</li><li><strong>Duration:</strong> 2026-06-05 to 2026-06-06 (1 day/s)</li><li><strong>Total Cost:</strong> LKR 5,000.00</li><li><strong>Payment Mode:</strong> Offline (Pay on Arrival / Physical Payment to Provider)</li><li><strong>Status:</strong> PENDING CONFIRMATION</li></ul><p>Please pay the provider physically upon arrival to complete your booking. The service provider will verify your reference number and mark the booking as completed.</p><p>Best Regards,<br>Tripzy Sri Lanka Team</p>
========================================

========================================
Timestamp: 2026-06-04 19:46:20
To: uginaravinthan@gmail.com
Subject: New Booking Received - Ref: TZ-V-20260604-4923
Body:
<h2>Hello Provider,</h2><p>You have received a new booking request for your service: <strong>car lambogini</strong>.</p><p><strong>Client:</strong> Theivarasa Makilini (makilini2003@gmail.com)</p><p><strong>Dates:</strong> 2026-06-05 to 2026-06-06</p><p><strong>Price:</strong> LKR 5,000.00</p><p>Please review and update the status in your Provider Dashboard.</p>
========================================

========================================
Timestamp: 2026-06-04 19:46:26
To: makilini2003@gmail.com
Subject: Tripzy Booking Confirmation Request - Ref: TZ-V-20260604-3332
Body:
<h2>Dear Theivarasa Makilini,</h2><p>Your booking request for <strong>car lambogini</strong> has been submitted successfully!</p><h3>Booking Reference Details:</h3><ul><li><strong>Booking Ref No:</strong> TZ-V-20260604-3332</li><li><strong>Service:</strong> Vehicle (car lambogini)</li><li><strong>Duration:</strong> 2026-06-05 to 2026-06-06 (1 day/s)</li><li><strong>Total Cost:</strong> LKR 5,000.00</li><li><strong>Payment Mode:</strong> Offline (Pay on Arrival / Physical Payment to Provider)</li><li><strong>Status:</strong> PENDING CONFIRMATION</li></ul><p>Please pay the provider physically upon arrival to complete your booking. The service provider will verify your reference number and mark the booking as completed.</p><p>Best Regards,<br>Tripzy Sri Lanka Team</p>
========================================

========================================
Timestamp: 2026-06-04 19:46:31
To: uginaravinthan@gmail.com
Subject: New Booking Received - Ref: TZ-V-20260604-3332
Body:
<h2>Hello Provider,</h2><p>You have received a new booking request for your service: <strong>car lambogini</strong>.</p><p><strong>Client:</strong> Theivarasa Makilini (makilini2003@gmail.com)</p><p><strong>Dates:</strong> 2026-06-05 to 2026-06-06</p><p><strong>Price:</strong> LKR 5,000.00</p><p>Please review and update the status in your Provider Dashboard.</p>
========================================

========================================
Timestamp: 2026-06-04 19:46:46
To: makilini2003@gmail.com
Subject: Tripzy Booking Status Updated - Ref: TZ-V-20260604-7932
Body:
<h2>Dear Theivarasa Makilini,</h2><p>Your booking for <strong>car lambogini</strong> (Ref: TZ-V-20260604-7932) has been marked as: <strong>REJECTED</strong>.</p><p>We are sorry, but your booking request was declined. Please contact the provider at 0765690230 for details.</p><p>Warm Regards,<br>Tripzy Sri Lanka Team</p>
========================================

========================================
Timestamp: 2026-06-04 19:46:51
To: makilini2003@gmail.com
Subject: Tripzy Booking Status Updated - Ref: TZ-V-20260604-3117
Body:
<h2>Dear Theivarasa Makilini,</h2><p>Your booking for <strong>car lambogini</strong> (Ref: TZ-V-20260604-3117) has been marked as: <strong>REJECTED</strong>.</p><p>We are sorry, but your booking request was declined. Please contact the provider at 0765690230 for details.</p><p>Warm Regards,<br>Tripzy Sri Lanka Team</p>
========================================

========================================
Timestamp: 2026-06-04 19:46:57
To: makilini2003@gmail.com
Subject: Tripzy Booking Status Updated - Ref: TZ-V-20260604-9984
Body:
<h2>Dear Theivarasa Makilini,</h2><p>Your booking for <strong>car lambogini</strong> (Ref: TZ-V-20260604-9984) has been marked as: <strong>REJECTED</strong>.</p><p>We are sorry, but your booking request was declined. Please contact the provider at 0765690230 for details.</p><p>Warm Regards,<br>Tripzy Sri Lanka Team</p>
========================================

========================================
Timestamp: 2026-06-04 19:47:03
To: makilini2003@gmail.com
Subject: Tripzy Booking Status Updated - Ref: TZ-V-20260604-6839
Body:
<h2>Dear Theivarasa Makilini,</h2><p>Your booking for <strong>car lambogini</strong> (Ref: TZ-V-20260604-6839) has been marked as: <strong>REJECTED</strong>.</p><p>We are sorry, but your booking request was declined. Please contact the provider at 0765690230 for details.</p><p>Warm Regards,<br>Tripzy Sri Lanka Team</p>
========================================

========================================
Timestamp: 2026-06-04 19:47:09
To: makilini2003@gmail.com
Subject: Tripzy Booking Status Updated - Ref: TZ-V-20260604-4639
Body:
<h2>Dear Theivarasa Makilini,</h2><p>Your booking for <strong>car lambogini</strong> (Ref: TZ-V-20260604-4639) has been marked as: <strong>REJECTED</strong>.</p><p>We are sorry, but your booking request was declined. Please contact the provider at 0765690230 for details.</p><p>Warm Regards,<br>Tripzy Sri Lanka Team</p>
========================================

========================================
Timestamp: 2026-06-04 19:47:14
To: makilini2003@gmail.com
Subject: Tripzy Booking Status Updated - Ref: TZ-V-20260604-1812
Body:
<h2>Dear Theivarasa Makilini,</h2><p>Your booking for <strong>car lambogini</strong> (Ref: TZ-V-20260604-1812) has been marked as: <strong>REJECTED</strong>.</p><p>We are sorry, but your booking request was declined. Please contact the provider at 0765690230 for details.</p><p>Warm Regards,<br>Tripzy Sri Lanka Team</p>
========================================

========================================
Timestamp: 2026-06-04 19:47:20
To: makilini2003@gmail.com
Subject: Tripzy Booking Status Updated - Ref: TZ-V-20260604-1136
Body:
<h2>Dear Theivarasa Makilini,</h2><p>Your booking for <strong>car lambogini</strong> (Ref: TZ-V-20260604-1136) has been marked as: <strong>REJECTED</strong>.</p><p>We are sorry, but your booking request was declined. Please contact the provider at 0765690230 for details.</p><p>Warm Regards,<br>Tripzy Sri Lanka Team</p>
========================================

========================================
Timestamp: 2026-06-04 19:47:25
To: makilini2003@gmail.com
Subject: Tripzy Booking Status Updated - Ref: TZ-V-20260604-6818
Body:
<h2>Dear Theivarasa Makilini,</h2><p>Your booking for <strong>car lambogini</strong> (Ref: TZ-V-20260604-6818) has been marked as: <strong>REJECTED</strong>.</p><p>We are sorry, but your booking request was declined. Please contact the provider at 0765690230 for details.</p><p>Warm Regards,<br>Tripzy Sri Lanka Team</p>
========================================

========================================
Timestamp: 2026-06-04 19:47:32
To: makilini2003@gmail.com
Subject: Tripzy Booking Status Updated - Ref: TZ-V-20260604-6818
Body:
<h2>Dear Theivarasa Makilini,</h2><p>Your booking for <strong>car lambogini</strong> (Ref: TZ-V-20260604-6818) has been marked as: <strong>REJECTED</strong>.</p><p>We are sorry, but your booking request was declined. Please contact the provider at 0765690230 for details.</p><p>Warm Regards,<br>Tripzy Sri Lanka Team</p>
========================================

========================================
Timestamp: 2026-06-04 19:47:37
To: makilini2003@gmail.com
Subject: Tripzy Booking Status Updated - Ref: TZ-V-20260604-6818
Body:
<h2>Dear Theivarasa Makilini,</h2><p>Your booking for <strong>car lambogini</strong> (Ref: TZ-V-20260604-6818) has been marked as: <strong>REJECTED</strong>.</p><p>We are sorry, but your booking request was declined. Please contact the provider at 0765690230 for details.</p><p>Warm Regards,<br>Tripzy Sri Lanka Team</p>
========================================

========================================
Timestamp: 2026-06-04 19:47:43
To: makilini2003@gmail.com
Subject: Tripzy Booking Status Updated - Ref: TZ-V-20260604-7453
Body:
<h2>Dear Theivarasa Makilini,</h2><p>Your booking for <strong>car lambogini</strong> (Ref: TZ-V-20260604-7453) has been marked as: <strong>REJECTED</strong>.</p><p>We are sorry, but your booking request was declined. Please contact the provider at 0765690230 for details.</p><p>Warm Regards,<br>Tripzy Sri Lanka Team</p>
========================================

========================================
Timestamp: 2026-06-04 19:47:48
To: makilini2003@gmail.com
Subject: Tripzy Booking Status Updated - Ref: TZ-V-20260604-7453
Body:
<h2>Dear Theivarasa Makilini,</h2><p>Your booking for <strong>car lambogini</strong> (Ref: TZ-V-20260604-7453) has been marked as: <strong>REJECTED</strong>.</p><p>We are sorry, but your booking request was declined. Please contact the provider at 0765690230 for details.</p><p>Warm Regards,<br>Tripzy Sri Lanka Team</p>
========================================

========================================
Timestamp: 2026-06-04 19:48:02
To: makilini2003@gmail.com
Subject: Tripzy Booking Status Updated - Ref: TZ-V-20260604-1259
Body:
<h2>Dear Theivarasa Makilini,</h2><p>Your booking for <strong>car lambogini</strong> (Ref: TZ-V-20260604-1259) has been marked as: <strong>REJECTED</strong>.</p><p>We are sorry, but your booking request was declined. Please contact the provider at 0765690230 for details.</p><p>Warm Regards,<br>Tripzy Sri Lanka Team</p>
========================================

========================================
Timestamp: 2026-06-04 19:48:17
To: makilini2003@gmail.com
Subject: Tripzy Booking Status Updated - Ref: TZ-V-20260604-9660
Body:
<h2>Dear Theivarasa Makilini,</h2><p>Your booking for <strong>car lambogini</strong> (Ref: TZ-V-20260604-9660) has been marked as: <strong>REJECTED</strong>.</p><p>We are sorry, but your booking request was declined. Please contact the provider at 0765690230 for details.</p><p>Warm Regards,<br>Tripzy Sri Lanka Team</p>
========================================

========================================
Timestamp: 2026-06-04 19:48:25
To: makilini2003@gmail.com
Subject: Tripzy Booking Status Updated - Ref: TZ-V-20260604-4923
Body:
<h2>Dear Theivarasa Makilini,</h2><p>Your booking for <strong>car lambogini</strong> (Ref: TZ-V-20260604-4923) has been marked as: <strong>REJECTED</strong>.</p><p>We are sorry, but your booking request was declined. Please contact the provider at 0765690230 for details.</p><p>Warm Regards,<br>Tripzy Sri Lanka Team</p>
========================================

========================================
Timestamp: 2026-06-04 19:48:34
To: makilini2003@gmail.com
Subject: Tripzy Booking Status Updated - Ref: TZ-V-20260604-3332
Body:
<h2>Dear Theivarasa Makilini,</h2><p>Your booking for <strong>car lambogini</strong> (Ref: TZ-V-20260604-3332) has been marked as: <strong>COMPLETED</strong>.</p><p>Thank you for completing your payment. Your booking is officially verified. The service post has been disabled to prevent further bookings for this specific offer.</p><p>Warm Regards,<br>Tripzy Sri Lanka Team</p>
========================================

========================================
Timestamp: 2026-06-04 19:48:39
To: makilini2003@gmail.com
Subject: Tripzy Booking Status Updated - Ref: TZ-V-20260604-3332
Body:
<h2>Dear Theivarasa Makilini,</h2><p>Your booking for <strong>car lambogini</strong> (Ref: TZ-V-20260604-3332) has been marked as: <strong>COMPLETED</strong>.</p><p>Thank you for completing your payment. Your booking is officially verified. The service post has been disabled to prevent further bookings for this specific offer.</p><p>Warm Regards,<br>Tripzy Sri Lanka Team</p>
========================================

========================================
Timestamp: 2026-06-04 20:10:56
To: smahazinulhathik@gmail.com
Subject: Tripzy Booking Confirmation Request - Ref: TZ-V-20260604-8316
Body:
<h2>Dear Mahazinul Hathik,</h2><p>Your booking request for <strong>car lambogini</strong> has been submitted successfully!</p><h3>Booking Reference Details:</h3><ul><li><strong>Booking Ref No:</strong> TZ-V-20260604-8316</li><li><strong>Service:</strong> Vehicle (car lambogini)</li><li><strong>Duration:</strong> 2026-06-16 to 2026-06-19 (3 day/s)</li><li><strong>Total Cost:</strong> LKR 15,000.00</li><li><strong>Payment Mode:</strong> Offline (Pay on Arrival / Physical Payment to Provider)</li><li><strong>Status:</strong> PENDING CONFIRMATION</li></ul><p>Please pay the provider physically upon arrival to complete your booking. The service provider will verify your reference number and mark the booking as completed.</p><p>Best Regards,<br>Tripzy Sri Lanka Team</p>
========================================

========================================
Timestamp: 2026-06-04 20:11:01
To: uginaravinthan@gmail.com
Subject: New Booking Received - Ref: TZ-V-20260604-8316
Body:
<h2>Hello Provider,</h2><p>You have received a new booking request for your service: <strong>car lambogini</strong>.</p><p><strong>Client:</strong> Mahazinul Hathik (smahazinulhathik@gmail.com)</p><p><strong>Dates:</strong> 2026-06-16 to 2026-06-19</p><p><strong>Price:</strong> LKR 15,000.00</p><p>Please review and update the status in your Provider Dashboard.</p>
========================================

========================================
Timestamp: 2026-06-04 20:36:03
To: makilini2003@gmail.com
Subject: Tripzy Booking Confirmation Request - Ref: TZ-V-20260604-5958
Body:
<h2>Dear Theivarasa Makilini,</h2><p>Your booking request for <strong>car lambogini</strong> has been submitted successfully!</p><h3>Booking Reference Details:</h3><ul><li><strong>Booking Ref No:</strong> TZ-V-20260604-5958</li><li><strong>Service:</strong> Vehicle (car lambogini)</li><li><strong>Duration:</strong>  to  (1 day/s)</li><li><strong>Total Cost:</strong> LKR 5,000.00</li><li><strong>Payment Mode:</strong> Offline (Pay on Arrival / Physical Payment to Provider)</li><li><strong>Status:</strong> PENDING CONFIRMATION</li></ul><p>Please pay the provider physically upon arrival to complete your booking. The service provider will verify your reference number and mark the booking as completed.</p><p>Best Regards,<br>Tripzy Sri Lanka Team</p>
========================================

========================================
Timestamp: 2026-06-04 20:36:08
To: uginaravinthan@gmail.com
Subject: New Booking Received - Ref: TZ-V-20260604-5958
Body:
<h2>Hello Provider,</h2><p>You have received a new booking request for your service: <strong>car lambogini</strong>.</p><p><strong>Client:</strong> Theivarasa Makilini (makilini2003@gmail.com)</p><p><strong>Dates:</strong>  to </p><p><strong>Price:</strong> LKR 5,000.00</p><p>Please review and update the status in your Provider Dashboard.</p>
========================================

========================================
Timestamp: 2026-06-04 20:48:54
To: makilini2003@gmail.com
Subject: Tripzy Booking Confirmation Request - Ref: TZ-V-20260604-1485
Body:
<h2>Dear Theivarasa Makilini,</h2><p>Your booking request for <strong>car lambogini</strong> has been submitted successfully!</p><h3>Booking Reference Details:</h3><ul><li><strong>Booking Ref No:</strong> TZ-V-20260604-1485</li><li><strong>Service:</strong> Vehicle (car lambogini)</li><li><strong>Duration:</strong> 2026-06-11 to 2026-06-11 (1 day/s)</li><li><strong>Total Cost:</strong> LKR 5,000.00</li><li><strong>Payment Mode:</strong> Offline (Pay on Arrival / Physical Payment to Provider)</li><li><strong>Status:</strong> PENDING CONFIRMATION</li></ul><p>Please pay the provider physically upon arrival to complete your booking. The service provider will verify your reference number and mark the booking as completed.</p><p>Best Regards,<br>Tripzy Sri Lanka Team</p>
========================================

========================================
Timestamp: 2026-06-04 20:48:59
To: uginaravinthan@gmail.com
Subject: New Booking Received - Ref: TZ-V-20260604-1485
Body:
<h2>Hello Provider,</h2><p>You have received a new booking request for your service: <strong>car lambogini</strong>.</p><p><strong>Client:</strong> Theivarasa Makilini (makilini2003@gmail.com)</p><p><strong>Dates:</strong> 2026-06-11 to 2026-06-11</p><p><strong>Price:</strong> LKR 5,000.00</p><p>Please review and update the status in your Provider Dashboard.</p>
========================================

========================================
Timestamp: 2026-06-05 06:38:23
To: dteugene2003@gmail.com
Subject: Tripzy Password Reset Request
Body:
<h2>Tripzy Password Reset</h2><p>Hello,</p><p>We received a request to reset the password for the Tripzy account associated with this email address.</p><p><strong>Verification Token:</strong></p><h3 style='letter-spacing: 0.15em;'>245715</h3><p>Enter this code in the verification form to confirm your identity.</p><p>If you did not request this change, please ignore this email.</p><p>Warm regards,<br>Tripzy Sri Lanka Team</p>
========================================

========================================
Timestamp: 2026-06-05 09:12:40
To: pirinthaban2003@gmail.com
Subject: Welcome to Tripzy Sri Lanka!
Body:
<h2>Hello PRINTHABAN PRINTHABAN,</h2><p>Thank you for registering on Tripzy - Smart Tourism Management and Booking System for Sri Lanka.</p><p>Your account is now active! You can log in and start using our platform.</p><p>Warm Regards,<br>The Tripzy Team</p>
========================================

PHPMailer Exception: SMTP Error: Could not authenticate.
========================================
Timestamp: 2026-06-05 09:15:13
To: pirinthaban2003@gmail.com
Subject: Tripzy Password Reset Request
Body:
<h2>Tripzy Password Reset</h2><p>Hello,</p><p>We received a request to reset the password for the Tripzy account associated with this email address.</p><p><strong>Verification Token:</strong></p><h3 style='letter-spacing: 0.15em;'>352692</h3><p>Enter this code in the verification form to confirm your identity.</p><p>If you did not request this change, please ignore this email.</p><p>Warm regards,<br>Tripzy Sri Lanka Team</p>
========================================

